stock:24 waste:-
F: S:- H:- D:- C:-
t1: 7S
t2: # 7H
t3: # # 7C
t4: # # # 8D
t5: # # # # 9D
t6: # # # # # TC
t7: # # # # # # QH
stock:21 waste:AS AH AD
F: S:- H:- D:- C:-
t1: 7S
t2: # 7H
t3: # # 7C
t4: # # # 8D
t5: # # # # 9D
t6: # # # # # TC
t7: # # # # # # QH
auto: w AD
auto: w AH
auto: w AS
stock:21 waste:-
F: S:A H:A D:A C:-
t1: 7S
t2: # 7H
t3: # # 7C
t4: # # # 8D
t5: # # # # 9D
t6: # # # # # TC
t7: # # # # # # QH
stock:18 waste:AC 2S 2H
F: S:A H:A D:A C:-
t1: 7S
t2: # 7H
t3: # # 7C
t4: # # # 8D
t5: # # # # 9D
t6: # # # # # TC
t7: # # # # # # QH
auto: w 2H
auto: w 2S
auto: w AC
stock:18 waste:-
F: S:2 H:2 D:A C:A
t1: 7S
t2: # 7H
t3: # # 7C
t4: # # # 8D
t5: # # # # 9D
t6: # # # # # TC
t7: # # # # # # QH
stock:15 waste:2D 2C 3S
F: S:2 H:2 D:A C:A
t1: 7S
t2: # 7H
t3: # # 7C
t4: # # # 8D
t5: # # # # 9D
t6: # # # # # TC
t7: # # # # # # QH
auto: w 3S
auto: w 2C
auto: w 2D
stock:15 waste:-
F: S:3 H:2 D:2 C:2
t1: 7S
t2: # 7H
t3: # # 7C
t4: # # # 8D
t5: # # # # 9D
t6: # # # # # TC
t7: # # # # # # QH
stock:12 waste:3H 3D 3C
F: S:3 H:2 D:2 C:2
t1: 7S
t2: # 7H
t3: # # 7C
t4: # # # 8D
t5: # # # # 9D
t6: # # # # # TC
t7: # # # # # # QH
auto: w 3C
auto: w 3D
auto: w 3H
stock:12 waste:-
F: S:3 H:3 D:3 C:3
t1: 7S
t2: # 7H
t3: # # 7C
t4: # # # 8D
t5: # # # # 9D
t6: # # # # # TC
t7: # # # # # # QH
stock:9 waste:4S 4H 4D
F: S:3 H:3 D:3 C:3
t1: 7S
t2: # 7H
t3: # # 7C
t4: # # # 8D
t5: # # # # 9D
t6: # # # # # TC
t7: # # # # # # QH
auto: w 4D
auto: w 4H
auto: w 4S
stock:9 waste:-
F: S:4 H:4 D:4 C:3
t1: 7S
t2: # 7H
t3: # # 7C
t4: # # # 8D
t5: # # # # 9D
t6: # # # # # TC
t7: # # # # # # QH
stock:6 waste:4C 5S 5H
F: S:4 H:4 D:4 C:3
t1: 7S
t2: # 7H
t3: # # 7C
t4: # # # 8D
t5: # # # # 9D
t6: # # # # # TC
t7: # # # # # # QH
auto: w 5H
auto: w 5S
auto: w 4C
stock:6 waste:-
F: S:5 H:5 D:4 C:4
t1: 7S
t2: # 7H
t3: # # 7C
t4: # # # 8D
t5: # # # # 9D
t6: # # # # # TC
t7: # # # # # # QH
stock:3 waste:5D 5C 6S
F: S:5 H:5 D:4 C:4
t1: 7S
t2: # 7H
t3: # # 7C
t4: # # # 8D
t5: # # # # 9D
t6: # # # # # TC
t7: # # # # # # QH
auto: w 6S
auto: w 5C
auto: w 5D
auto: t1 7S
stock:3 waste:-
F: S:7 H:5 D:5 C:5
t1: -
t2: # 7H
t3: # # 7C
t4: # # # 8D
t5: # # # # 9D
t6: # # # # # TC
t7: # # # # # # QH
stock:0 waste:6H 6D 6C
F: S:7 H:5 D:5 C:5
t1: -
t2: # 7H
t3: # # 7C
t4: # # # 8D
t5: # # # # 9D
t6: # # # # # TC
t7: # # # # # # QH
auto: w 6C
auto: w 6D
auto: w 6H
auto: t2 7H
auto: t2 7D
auto: t3 7C
auto: t3 8S
auto: t3 8H
auto: t4 8D
auto: t4 8C
auto: t4 9S
auto: t4 9H
auto: t5 9D
auto: t5 9C
auto: t5 TS
auto: t5 TH
auto: t5 TD
auto: t6 TC
auto: t6 JS
auto: t6 JH
auto: t6 JD
auto: t6 JC
auto: t6 QS
auto: t7 QH
auto: t7 QD
auto: t7 QC
auto: t7 KS
auto: t7 KH
auto: t7 KD
auto: t7 KC
stock:0 waste:-
F: S:K H:K D:K C:K
t1: -
t2: -
t3: -
t4: -
t5: -
t6: -
t7: -
you win
